# JRE version: OpenJDK Runtime Environment Temurin-21.0.10+7 (21.0.10+7) (build 21.0.10+7-LTS)
# Java VM: OpenJDK 64-Bit Server VM Temurin-21.0.10+7 (21.0.10+7-LTS, mixed mode, sharing, tiered, compressed oops, compressed class ptrs, g1 gc, windows-amd64)
GC Precious Log:
 CardTable entry size: 512
 Card Set container configuration: InlinePtr #cards 4 size 8 Array Of Cards #cards 32 size 80 Howl #buckets 8 coarsen threshold 7372 Howl Bitmap #cards 1024 size 144 coarsen threshold 921 Card regions per heap region 1 cards per card region 8192
 CPUs: 16 total, 16 available
 Memory: 31925M
 Large Page Support: Disabled
 NUMA Support: Disabled
 Compressed Oops: Enabled (Zero based)
 Heap Region Size: 4M
 Heap Min Capacity: 8M
 Heap Initial Capacity: 500M
 Heap Max Capacity: 7984M
 Pre-touch: Disabled
 Parallel Workers: 13
 Concurrent Workers: 3
 Concurrent Refinement Workers: 13
 Periodic GC: Disabled
Heap:
 garbage-first heap   total 139264K, used 77475K [0x000000060d000000, 0x0000000800000000)
  region size 4096K, 13 young (53248K), 0 survivors (0K)
 Metaspace       used 80083K, committed 80896K, reserved 1179648K
  class space    used 10782K, committed 11136K, reserved 1048576K
GC Heap History (20 events):
Event: 1.822 GC heap before
{Heap before GC invocations=6 (full 0):
 garbage-first heap   total 65536K, used 43159K [0x000000060d000000, 0x0000000800000000)
  region size 4096K, 9 young (36864K), 2 survivors (8192K)
 Metaspace       used 25889K, committed 26304K, reserved 1114112K
  class space    used 3211K, committed 3392K, reserved 1048576K
}
Event: 1.826 GC heap after
{Heap after GC invocations=7 (full 0):
 garbage-first heap   total 65536K, used 15454K [0x000000060d000000, 0x0000000800000000)
  region size 4096K, 2 young (8192K), 2 survivors (8192K)
 Metaspace       used 25889K, committed 26304K, reserved 1114112K
  class space    used 3211K, committed 3392K, reserved 1048576K
}
Event: 2.092 GC heap before
{Heap before GC invocations=7 (full 0):
 garbage-first heap   total 65536K, used 44126K [0x000000060d000000, 0x0000000800000000)
  region size 4096K, 9 young (36864K), 2 survivors (8192K)
 Metaspace       used 28038K, committed 28416K, reserved 1114112K
  class space    used 3498K, committed 3648K, reserved 1048576K
}
Event: 2.095 GC heap after
{Heap after GC invocations=8 (full 0):
 garbage-first heap   total 290816K, used 16719K [0x000000060d000000, 0x0000000800000000)
  region size 4096K, 1 young (4096K), 1 survivors (4096K)
 Metaspace       used 28038K, committed 28416K, reserved 1114112K
  class space    used 3498K, committed 3648K, reserved 1048576K
}
Event: 3.062 GC heap before
{Heap before GC invocations=8 (full 0):
 garbage-first heap   total 290816K, used 94543K [0x000000060d000000, 0x0000000800000000)
  region size 4096K, 22 young (90112K), 1 survivors (4096K)
 Metaspace       used 35594K, committed 36096K, reserved 1114112K
  class space    used 4517K, committed 4736K, reserved 1048576K
}
Event: 3.066 GC heap after
{Heap after GC invocations=9 (full 0):
 garbage-first heap   total 290816K, used 20732K [0x000000060d000000, 0x0000000800000000)
  region size 4096K, 2 young (8192K), 2 survivors (8192K)
 Metaspace       used 35594K, committed 36096K, reserved 1114112K
  class space    used 4517K, committed 4736K, reserved 1048576K
}
Event: 3.869 GC heap before
{Heap before GC invocations=10 (full 0):
 garbage-first heap   total 81920K, used 78076K [0x000000060d000000, 0x0000000800000000)
  region size 4096K, 16 young (65536K), 2 survivors (8192K)
 Metaspace       used 44285K, committed 44864K, reserved 1114112K
  class space    used 5513K, committed 5760K, reserved 1048576K
}
Event: 3.873 GC heap after
{Heap after GC invocations=11 (full 0):
 garbage-first heap   total 94208K, used 22657K [0x000000060d000000, 0x0000000800000000)
  region size 4096K, 3 young (12288K), 3 survivors (12288K)
 Metaspace       used 44285K, committed 44864K, reserved 1114112K
  class space    used 5513K, committed 5760K, reserved 1048576K
}
Event: 4.296 GC heap before
{Heap before GC invocations=11 (full 0):
 garbage-first heap   total 94208K, used 63617K [0x000000060d000000, 0x0000000800000000)
  region size 4096K, 13 young (53248K), 3 survivors (12288K)
 Metaspace       used 47881K, committed 48448K, reserved 1114112K
  class space    used 6111K, committed 6400K, reserved 1048576K
}
Event: 4.300 GC heap after
{Heap after GC invocations=12 (full 0):
 garbage-first heap   total 94208K, used 24147K [0x000000060d000000, 0x0000000800000000)
  region size 4096K, 2 young (8192K), 2 survivors (8192K)
 Metaspace       used 47881K, committed 48448K, reserved 1114112K
  class space    used 6111K, committed 6400K, reserved 1048576K
}
Event: 4.660 GC heap before
{Heap before GC invocations=12 (full 0):
 garbage-first heap   total 94208K, used 69203K [0x000000060d000000, 0x0000000800000000)
  region size 4096K, 13 young (53248K), 2 survivors (8192K)
 Metaspace       used 51855K, committed 52480K, reserved 1114112K
  class space    used 6830K, committed 7104K, reserved 1048576K
}
Event: 4.663 GC heap after
{Heap after GC invocations=13 (full 0):
 garbage-first heap   total 94208K, used 25026K [0x000000060d000000, 0x0000000800000000)
  region size 4096K, 2 young (8192K), 2 survivors (8192K)
 Metaspace       used 51855K, committed 52480K, reserved 1114112K
  class space    used 6830K, committed 7104K, reserved 1048576K
}
Event: 4.884 GC heap before
{Heap before GC invocations=13 (full 0):
 garbage-first heap   total 94208K, used 70082K [0x000000060d000000, 0x0000000800000000)
  region size 4096K, 13 young (53248K), 2 survivors (8192K)
 Metaspace       used 56550K, committed 57152K, reserved 1114112K
  class space    used 7434K, committed 7680K, reserved 1048576K
}
Event: 4.887 GC heap after
{Heap after GC invocations=14 (full 0):
 garbage-first heap   total 94208K, used 25925K [0x000000060d000000, 0x0000000800000000)
  region size 4096K, 1 young (4096K), 1 survivors (4096K)
 Metaspace       used 56550K, committed 57152K, reserved 1114112K
  class space    used 7434K, committed 7680K, reserved 1048576K
}
Event: 5.041 GC heap before
{Heap before GC invocations=14 (full 0):
 garbage-first heap   total 94208K, used 66885K [0x000000060d000000, 0x0000000800000000)
  region size 4096K, 12 young (49152K), 1 survivors (4096K)
 Metaspace       used 60158K, committed 60736K, reserved 1114112K
  class space    used 7906K, committed 8192K, reserved 1048576K
}
Event: 5.043 GC heap after
{Heap after GC invocations=15 (full 0):
 garbage-first heap   total 94208K, used 26797K [0x000000060d000000, 0x0000000800000000)
  region size 4096K, 2 young (8192K), 2 survivors (8192K)
 Metaspace       used 60158K, committed 60736K, reserved 1114112K
  class space    used 7906K, committed 8192K, reserved 1048576K
}
Event: 5.259 GC heap before
{Heap before GC invocations=16 (full 0):
 garbage-first heap   total 94208K, used 71853K [0x000000060d000000, 0x0000000800000000)
  region size 4096K, 13 young (53248K), 2 survivors (8192K)
 Metaspace       used 65537K, committed 66176K, reserved 1114112K
  class space    used 8820K, committed 9088K, reserved 1048576K
}
Event: 5.262 GC heap after
{Heap after GC invocations=17 (full 0):
 garbage-first heap   total 303104K, used 27169K [0x000000060d000000, 0x0000000800000000)
  region size 4096K, 1 young (4096K), 1 survivors (4096K)
 Metaspace       used 65537K, committed 66176K, reserved 1114112K
  class space    used 8820K, committed 9088K, reserved 1048576K
}
Event: 41.080 GC heap before
{Heap before GC invocations=17 (full 0):
 garbage-first heap   total 303104K, used 182817K [0x000000060d000000, 0x0000000800000000)
  region size 4096K, 41 young (167936K), 1 survivors (4096K)
 Metaspace       used 79512K, committed 80320K, reserved 1179648K
  class space    used 10753K, committed 11136K, reserved 1048576K
}
Event: 41.114 GC heap after
{Heap after GC invocations=18 (full 1):
 garbage-first heap   total 139264K, used 28323K [0x000000060d000000, 0x0000000800000000)
  region size 4096K, 0 young (0K), 0 survivors (0K)
 Metaspace       used 79509K, committed 80320K, reserved 1179648K
  class space    used 10752K, committed 11136K, reserved 1048576K
}

